
*** Running vivado
    with args -log top_module.vds -m64 -product Vivado -mode batch -messageDb vivado.pb -notrace -source top_module.tcl



****** Vivado v2024.1 (64-bit)
  **** SW Build 5076996 on Wed May 22 18:37:14 MDT 2024
  **** IP Build 5075265 on Wed May 22 21:45:21 MDT 2024
  **** SharedData Build 5076995 on Wed May 22 18:29:18 MDT 2024
  **** Start of session at: Thu Nov 14 04:13:01 2024
    ** Copyright 1986-2022 Xilinx, Inc. All Rights Reserved.
    ** Copyright 2022-2024 Advanced Micro Devices, Inc. All Rights Reserved.

source top_module.tcl -notrace
Command: read_checkpoint -auto_incremental -incremental C:/Users/Nico/Documents/Projects/Firmware/FPGA_Bomberman/FPGA_Bomberman.srcs/utils_1/imports/synth_1/top_module.dcp
INFO: [Vivado 12-5825] Read reference checkpoint from C:/Users/Nico/Documents/Projects/Firmware/FPGA_Bomberman/FPGA_Bomberman.srcs/utils_1/imports/synth_1/top_module.dcp for incremental synthesis
INFO: [Vivado 12-7989] Please ensure there are no constraint changes
Command: synth_design -top top_module -part xc7a35tcpg236-1
Starting synth_design
Attempting to get a license for feature 'Synthesis' and/or device 'xc7a35t'
INFO: [Common 17-349] Got license for feature 'Synthesis' and/or device 'xc7a35t'
INFO: [Device 21-403] Loading part xc7a35tcpg236-1
INFO: [Device 21-9227] Part: xc7a35tcpg236-1 does not have CEAM library.
INFO: [Designutils 20-5440] No compile time benefit to using incremental synthesis; A full resynthesis will be run
INFO: [Designutils 20-4379] Flow is switching to default flow due to incremental criteria not met. If you would like to alter this behaviour and have the flow terminate instead, please set the following parameter config_implementation {autoIncr.Synth.RejectBehavior Terminate}
INFO: [Synth 8-7079] Multithreading enabled for synth_design using a maximum of 2 processes.
INFO: [Synth 8-7078] Launching helper process for spawning children vivado processes
INFO: [Synth 8-7075] Helper process launched with PID 29812
---------------------------------------------------------------------------------
Starting RTL Elaboration : Time (s): cpu = 00:00:01 ; elapsed = 00:00:03 . Memory (MB): peak = 1407.402 ; gain = 449.102
---------------------------------------------------------------------------------
INFO: [Synth 8-11241] undeclared symbol 'br_dead_addr', assumed default net type 'wire' [C:/Users/Nico/Documents/Projects/Firmware/FPGA_Bomberman/bomberman_module.v:326]
INFO: [Synth 8-11241] undeclared symbol 'rgb_dead', assumed default net type 'wire' [C:/Users/Nico/Documents/Projects/Firmware/FPGA_Bomberman/bomberman_module.v:326]
INFO: [Synth 8-6157] synthesizing module 'top_module' [C:/Users/Nico/Documents/Projects/Firmware/FPGA_Bomberman/top_module.v:3]
INFO: [Synth 8-6157] synthesizing module 'debounce_button' [C:/Users/Nico/Documents/Projects/Firmware/FPGA_Bomberman/debounce_button.v:3]
INFO: [Synth 8-6155] done synthesizing module 'debounce_button' (0#1) [C:/Users/Nico/Documents/Projects/Firmware/FPGA_Bomberman/debounce_button.v:3]
INFO: [Synth 8-6157] synthesizing module 'pillar_display' [C:/Users/Nico/Documents/Projects/Firmware/FPGA_Bomberman/pillar_display.v:1]
INFO: [Synth 8-6157] synthesizing module 'pillar_dm' [C:/Users/Nico/Documents/Projects/Firmware/FPGA_Bomberman/FPGA_Bomberman.runs/synth_1/.Xil/Vivado-4844-LAPTOP-QJ9BJU4G/realtime/pillar_dm_stub.v:6]
INFO: [Synth 8-6155] done synthesizing module 'pillar_dm' (0#1) [C:/Users/Nico/Documents/Projects/Firmware/FPGA_Bomberman/FPGA_Bomberman.runs/synth_1/.Xil/Vivado-4844-LAPTOP-QJ9BJU4G/realtime/pillar_dm_stub.v:6]
INFO: [Synth 8-6155] done synthesizing module 'pillar_display' (0#1) [C:/Users/Nico/Documents/Projects/Firmware/FPGA_Bomberman/pillar_display.v:1]
INFO: [Synth 8-6157] synthesizing module 'bomberman_module' [C:/Users/Nico/Documents/Projects/Firmware/FPGA_Bomberman/bomberman_module.v:1]
INFO: [Synth 8-6157] synthesizing module 'bm_sprite_br' [C:/Users/Nico/Documents/Projects/Firmware/FPGA_Bomberman/FPGA_Bomberman.runs/synth_1/.Xil/Vivado-4844-LAPTOP-QJ9BJU4G/realtime/bm_sprite_br_stub.v:6]
INFO: [Synth 8-6155] done synthesizing module 'bm_sprite_br' (0#1) [C:/Users/Nico/Documents/Projects/Firmware/FPGA_Bomberman/FPGA_Bomberman.runs/synth_1/.Xil/Vivado-4844-LAPTOP-QJ9BJU4G/realtime/bm_sprite_br_stub.v:6]
ERROR: [Synth 8-439] module 'bm_dead_br' not found [C:/Users/Nico/Documents/Projects/Firmware/FPGA_Bomberman/bomberman_module.v:326]
ERROR: [Synth 8-6156] failed synthesizing module 'bomberman_module' [C:/Users/Nico/Documents/Projects/Firmware/FPGA_Bomberman/bomberman_module.v:1]
ERROR: [Synth 8-6156] failed synthesizing module 'top_module' [C:/Users/Nico/Documents/Projects/Firmware/FPGA_Bomberman/top_module.v:3]
---------------------------------------------------------------------------------
Finished RTL Elaboration : Time (s): cpu = 00:00:01 ; elapsed = 00:00:04 . Memory (MB): peak = 1520.203 ; gain = 561.902
---------------------------------------------------------------------------------
RTL Elaboration failed
INFO: [Common 17-83] Releasing license: Synthesis
23 Infos, 0 Warnings, 0 Critical Warnings and 4 Errors encountered.
synth_design failed
ERROR: [Common 17-69] Command failed: Synthesis failed - please see the console or run log file for details
INFO: [Common 17-206] Exiting Vivado at Thu Nov 14 04:13:13 2024...
